<?xml version="1.0" encoding="UTF-8" ?>
<testsuite failures="0" time="3.136" errors="0" skipped="0" tests="3" name="uk.ac.ebi.pride.tools.ms2_parser.Ms2FileTest">
  <properties>
    <property name="java.runtime.name" value="Java(TM) SE Runtime Environment"/>
    <property name="sun.boot.library.path" value="/System/Library/Java/JavaVirtualMachines/1.6.0.jdk/Contents/Libraries"/>
    <property name="java.vm.version" value="20.65-b04-462"/>
    <property name="awt.nativeDoubleBuffering" value="true"/>
    <property name="gopherProxySet" value="false"/>
    <property name="mrj.build" value="11M4609"/>
    <property name="java.vm.vendor" value="Apple Inc."/>
    <property name="java.vendor.url" value="http://www.apple.com/"/>
    <property name="path.separator" value=":"/>
    <property name="java.vm.name" value="Java HotSpot(TM) 64-Bit Server VM"/>
    <property name="file.encoding.pkg" value="sun.io"/>
    <property name="user.country" value="US"/>
    <property name="sun.java.launcher" value="SUN_STANDARD"/>
    <property name="sun.os.patch.level" value="unknown"/>
    <property name="java.vm.specification.name" value="Java Virtual Machine Specification"/>
    <property name="user.dir" value="/Users/yperez/IdeaProjects/jmzreader/jmzreader-library/trunk/ms2-parser"/>
    <property name="java.runtime.version" value="1.6.0_65-b14-462-11M4609"/>
    <property name="java.awt.graphicsenv" value="apple.awt.CGraphicsEnvironment"/>
    <property name="basedir" value="/Users/yperez/IdeaProjects/jmzreader/jmzreader-library/trunk/ms2-parser"/>
    <property name="java.endorsed.dirs" value="/System/Library/Java/JavaVirtualMachines/1.6.0.jdk/Contents/Home/lib/endorsed"/>
    <property name="os.arch" value="x86_64"/>
    <property name="surefire.real.class.path" value="/var/folders/hm/w90zk0x90sv25st_pm8xdw940000gq/T/surefirebooter7193235856262817685.jar"/>
    <property name="java.io.tmpdir" value="/var/folders/hm/w90zk0x90sv25st_pm8xdw940000gq/T/"/>
    <property name="line.separator" value="
"/>
    <property name="java.vm.specification.vendor" value="Sun Microsystems Inc."/>
    <property name="os.name" value="Mac OS X"/>
    <property name="sun.jnu.encoding" value="MacRoman"/>
    <property name="java.library.path" value=".:/Library/Java/Extensions:/System/Library/Java/Extensions:/usr/lib/java"/>
    <property name="surefire.test.class.path" value="/Users/yperez/IdeaProjects/jmzreader/jmzreader-library/trunk/ms2-parser/target/test-classes:/Users/yperez/IdeaProjects/jmzreader/jmzreader-library/trunk/ms2-parser/target/classes:/Users/yperez/.m2/repository/junit/junit/3.8.1/junit-3.8.1.jar:/Users/yperez/.m2/repository/uk/ac/ebi/pride/tools/jmzreader/1.2.0/jmzreader-1.2.0.jar:/Users/yperez/.m2/repository/log4j/log4j/1.2.13/log4j-1.2.13.jar:/Users/yperez/.m2/repository/uk/ac/ebi/pride/tools/braf/1.0.1/braf-1.0.1.jar:"/>
    <property name="java.specification.name" value="Java Platform API Specification"/>
    <property name="java.class.version" value="50.0"/>
    <property name="sun.management.compiler" value="HotSpot 64-Bit Tiered Compilers"/>
    <property name="os.version" value="10.9.5"/>
    <property name="http.nonProxyHosts" value="local|*.local|169.254/16|*.169.254/16"/>
    <property name="user.home" value="/Users/yperez"/>
    <property name="user.timezone" value=""/>
    <property name="java.awt.printerjob" value="apple.awt.CPrinterJob"/>
    <property name="java.specification.version" value="1.6"/>
    <property name="file.encoding" value="MacRoman"/>
    <property name="user.name" value="yperez"/>
    <property name="java.class.path" value="/Users/yperez/IdeaProjects/jmzreader/jmzreader-library/trunk/ms2-parser/target/test-classes:/Users/yperez/IdeaProjects/jmzreader/jmzreader-library/trunk/ms2-parser/target/classes:/Users/yperez/.m2/repository/junit/junit/3.8.1/junit-3.8.1.jar:/Users/yperez/.m2/repository/uk/ac/ebi/pride/tools/jmzreader/1.2.0/jmzreader-1.2.0.jar:/Users/yperez/.m2/repository/log4j/log4j/1.2.13/log4j-1.2.13.jar:/Users/yperez/.m2/repository/uk/ac/ebi/pride/tools/braf/1.0.1/braf-1.0.1.jar:"/>
    <property name="java.vm.specification.version" value="1.0"/>
    <property name="sun.arch.data.model" value="64"/>
    <property name="java.home" value="/System/Library/Java/JavaVirtualMachines/1.6.0.jdk/Contents/Home"/>
    <property name="sun.java.command" value="/var/folders/hm/w90zk0x90sv25st_pm8xdw940000gq/T/surefirebooter7193235856262817685.jar /var/folders/hm/w90zk0x90sv25st_pm8xdw940000gq/T/surefire3525005955461942570tmp /var/folders/hm/w90zk0x90sv25st_pm8xdw940000gq/T/surefire3116117632768462544tmp"/>
    <property name="java.specification.vendor" value="Sun Microsystems Inc."/>
    <property name="user.language" value="en"/>
    <property name="awt.toolkit" value="apple.awt.CToolkit"/>
    <property name="java.vm.info" value="mixed mode"/>
    <property name="java.version" value="1.6.0_65"/>
    <property name="java.ext.dirs" value="/Library/Java/Extensions:/System/Library/Java/Extensions:/System/Library/Java/JavaVirtualMachines/1.6.0.jdk/Contents/Home/lib/ext"/>
    <property name="sun.boot.class.path" value="/System/Library/Java/JavaVirtualMachines/1.6.0.jdk/Contents/Classes/jsfd.jar:/System/Library/Java/JavaVirtualMachines/1.6.0.jdk/Contents/Classes/classes.jar:/System/Library/Frameworks/JavaVM.framework/Frameworks/JavaRuntimeSupport.framework/Resources/Java/JavaRuntimeSupport.jar:/System/Library/Java/JavaVirtualMachines/1.6.0.jdk/Contents/Classes/ui.jar:/System/Library/Java/JavaVirtualMachines/1.6.0.jdk/Contents/Classes/laf.jar:/System/Library/Java/JavaVirtualMachines/1.6.0.jdk/Contents/Classes/sunrsasign.jar:/System/Library/Java/JavaVirtualMachines/1.6.0.jdk/Contents/Classes/jsse.jar:/System/Library/Java/JavaVirtualMachines/1.6.0.jdk/Contents/Classes/jce.jar:/System/Library/Java/JavaVirtualMachines/1.6.0.jdk/Contents/Classes/charsets.jar"/>
    <property name="java.vendor" value="Apple Inc."/>
    <property name="localRepository" value="/Users/yperez/.m2/repository"/>
    <property name="file.separator" value="/"/>
    <property name="java.vendor.url.bug" value="http://bugreport.apple.com/"/>
    <property name="sun.cpu.endian" value="little"/>
    <property name="sun.io.unicode.encoding" value="UnicodeLittle"/>
    <property name="mrj.version" value="1070.1.6.0_65-462"/>
    <property name="socksNonProxyHosts" value="local|*.local|169.254/16|*.169.254/16"/>
    <property name="ftp.nonProxyHosts" value="local|*.local|169.254/16|*.169.254/16"/>
    <property name="sun.cpu.isalist" value=""/>
  </properties>
  <testcase time="0.517" classname="uk.ac.ebi.pride.tools.ms2_parser.Ms2FileTest" name="testMs2File"/>
  <testcase time="0.407" classname="uk.ac.ebi.pride.tools.ms2_parser.Ms2FileTest" name="testGetSpectrum"/>
  <testcase time="2.202" classname="uk.ac.ebi.pride.tools.ms2_parser.Ms2FileTest" name="testGetSpectrumIterator"/>
</testsuite>