<?xml version="1.0" encoding="UTF-8" ?>
<testsuite failures="0" time="0.288" errors="0" skipped="0" tests="7" name="uk.ac.ebi.pride.tools.apl_parser.TestAplFile">
  <properties>
    <property name="java.runtime.name" value="OpenJDK Runtime Environment"/>
    <property name="sun.boot.library.path" value="/usr/lib64/jvm/java-1.7.0-openjdk-1.7.0/jre/lib/amd64"/>
    <property name="java.vm.version" value="23.7-b01"/>
    <property name="java.vm.vendor" value="Oracle Corporation"/>
    <property name="java.vendor.url" value="http://java.oracle.com/"/>
    <property name="path.separator" value=":"/>
    <property name="java.vm.name" value="OpenJDK 64-Bit Server VM"/>
    <property name="file.encoding.pkg" value="sun.io"/>
    <property name="user.country" value="US"/>
    <property name="sun.java.launcher" value="SUN_STANDARD"/>
    <property name="sun.os.patch.level" value="unknown"/>
    <property name="java.vm.specification.name" value="Java Virtual Machine Specification"/>
    <property name="user.dir" value="/home/yperez/IdeaProjects/jmzreader-svn-all/trunk/apl-parser"/>
    <property name="java.runtime.version" value="1.7.0_21-b02"/>
    <property name="java.awt.graphicsenv" value="sun.awt.X11GraphicsEnvironment"/>
    <property name="basedir" value="/home/yperez/IdeaProjects/jmzreader-svn-all/trunk/apl-parser"/>
    <property name="java.endorsed.dirs" value="/usr/lib64/jvm/java-1.7.0-openjdk-1.7.0/jre/lib/endorsed"/>
    <property name="os.arch" value="amd64"/>
    <property name="surefire.real.class.path" value="/tmp/surefirebooter1248597530740203430.jar"/>
    <property name="java.io.tmpdir" value="/tmp"/>
    <property name="line.separator" value="
"/>
    <property name="java.vm.specification.vendor" value="Oracle Corporation"/>
    <property name="os.name" value="Linux"/>
    <property name="sun.jnu.encoding" value="UTF-8"/>
    <property name="java.library.path" value="/usr/local/ebi-app/idea-IU-117.798/bin:/usr/lib64/mpi/gcc/openmpi/lib64:/usr/java/packages/lib/amd64:/usr/lib64:/lib64:/lib:/usr/lib"/>
    <property name="surefire.test.class.path" value="/home/yperez/IdeaProjects/jmzreader-svn-all/trunk/apl-parser/target/test-classes:/home/yperez/IdeaProjects/jmzreader-svn-all/trunk/apl-parser/target/classes:/home/yperez/.m2/repository/junit/junit/3.8.1/junit-3.8.1.jar:/home/yperez/.m2/repository/uk/ac/ebi/pride/tools/jmzreader/1.3.4-SNAPSHOT/jmzreader-1.3.4-SNAPSHOT.jar:/home/yperez/.m2/repository/log4j/log4j/1.2.13/log4j-1.2.13.jar:/home/yperez/.m2/repository/uk/ac/ebi/pride/jaxb/pride-jaxb/1.0.12/pride-jaxb-1.0.12.jar:/home/yperez/.m2/repository/psidev/psi/tools/xxindex/0.14/xxindex-0.14.jar:/home/yperez/.m2/repository/org/apache/commons/com.springsource.org.apache.commons.io/1.4.0/com.springsource.org.apache.commons.io-1.4.0.jar:/home/yperez/.m2/repository/cpdetector/cpdetector/1.0.7/cpdetector-1.0.7.jar:/home/yperez/.m2/repository/org/antlr/com.springsource.antlr/2.7.7/com.springsource.antlr-2.7.7.jar:/home/yperez/.m2/repository/jargs/jargs/1.0/jargs-1.0.jar:/home/yperez/.m2/repository/org/mozilla/intl/chardet/1.0/chardet-1.0.jar:/home/yperez/.m2/repository/org/apache/commons/com.springsource.org.apache.commons.logging/1.1.1/com.springsource.org.apache.commons.logging-1.1.1.jar:/home/yperez/.m2/repository/org/apache/log4j/com.springsource.org.apache.log4j/1.2.15/com.springsource.org.apache.log4j-1.2.15.jar:/home/yperez/.m2/repository/com/sun/xml/bind/jaxb-xjc/2.2.4-1/jaxb-xjc-2.2.4-1.jar:/home/yperez/.m2/repository/com/sun/xml/bind/jaxb-impl/2.2.4-1/jaxb-impl-2.2.4-1.jar:/home/yperez/.m2/repository/javax/xml/bind/jaxb-api/2.2.3/jaxb-api-2.2.3.jar:/home/yperez/.m2/repository/javax/xml/stream/stax-api/1.0-2/stax-api-1.0-2.jar:/home/yperez/.m2/repository/javax/activation/activation/1.1/activation-1.1.jar:/home/yperez/.m2/repository/it/unimi/dsi/fastutil/6.5.1/fastutil-6.5.1.jar:/home/yperez/.m2/repository/uk/ac/ebi/pride/tools/braf/1.3.4-SNAPSHOT/braf-1.3.4-SNAPSHOT.jar:"/>
    <property name="java.specification.name" value="Java Platform API Specification"/>
    <property name="java.class.version" value="51.0"/>
    <property name="sun.management.compiler" value="HotSpot 64-Bit Tiered Compilers"/>
    <property name="os.version" value="3.4.47-2.38-desktop"/>
    <property name="user.home" value="/home/yperez"/>
    <property name="user.timezone" value="America/Havana"/>
    <property name="java.awt.printerjob" value="sun.print.PSPrinterJob"/>
    <property name="file.encoding" value="UTF-8"/>
    <property name="java.specification.version" value="1.7"/>
    <property name="user.name" value="yperez"/>
    <property name="java.class.path" value="/home/yperez/IdeaProjects/jmzreader-svn-all/trunk/apl-parser/target/test-classes:/home/yperez/IdeaProjects/jmzreader-svn-all/trunk/apl-parser/target/classes:/home/yperez/.m2/repository/junit/junit/3.8.1/junit-3.8.1.jar:/home/yperez/.m2/repository/uk/ac/ebi/pride/tools/jmzreader/1.3.4-SNAPSHOT/jmzreader-1.3.4-SNAPSHOT.jar:/home/yperez/.m2/repository/log4j/log4j/1.2.13/log4j-1.2.13.jar:/home/yperez/.m2/repository/uk/ac/ebi/pride/jaxb/pride-jaxb/1.0.12/pride-jaxb-1.0.12.jar:/home/yperez/.m2/repository/psidev/psi/tools/xxindex/0.14/xxindex-0.14.jar:/home/yperez/.m2/repository/org/apache/commons/com.springsource.org.apache.commons.io/1.4.0/com.springsource.org.apache.commons.io-1.4.0.jar:/home/yperez/.m2/repository/cpdetector/cpdetector/1.0.7/cpdetector-1.0.7.jar:/home/yperez/.m2/repository/org/antlr/com.springsource.antlr/2.7.7/com.springsource.antlr-2.7.7.jar:/home/yperez/.m2/repository/jargs/jargs/1.0/jargs-1.0.jar:/home/yperez/.m2/repository/org/mozilla/intl/chardet/1.0/chardet-1.0.jar:/home/yperez/.m2/repository/org/apache/commons/com.springsource.org.apache.commons.logging/1.1.1/com.springsource.org.apache.commons.logging-1.1.1.jar:/home/yperez/.m2/repository/org/apache/log4j/com.springsource.org.apache.log4j/1.2.15/com.springsource.org.apache.log4j-1.2.15.jar:/home/yperez/.m2/repository/com/sun/xml/bind/jaxb-xjc/2.2.4-1/jaxb-xjc-2.2.4-1.jar:/home/yperez/.m2/repository/com/sun/xml/bind/jaxb-impl/2.2.4-1/jaxb-impl-2.2.4-1.jar:/home/yperez/.m2/repository/javax/xml/bind/jaxb-api/2.2.3/jaxb-api-2.2.3.jar:/home/yperez/.m2/repository/javax/xml/stream/stax-api/1.0-2/stax-api-1.0-2.jar:/home/yperez/.m2/repository/javax/activation/activation/1.1/activation-1.1.jar:/home/yperez/.m2/repository/it/unimi/dsi/fastutil/6.5.1/fastutil-6.5.1.jar:/home/yperez/.m2/repository/uk/ac/ebi/pride/tools/braf/1.3.4-SNAPSHOT/braf-1.3.4-SNAPSHOT.jar:"/>
    <property name="java.vm.specification.version" value="1.7"/>
    <property name="sun.arch.data.model" value="64"/>
    <property name="java.home" value="/usr/lib64/jvm/java-1.7.0-openjdk-1.7.0/jre"/>
    <property name="sun.java.command" value="/tmp/surefirebooter1248597530740203430.jar /tmp/surefire6210535941718218268tmp /tmp/surefire945584505229171705tmp"/>
    <property name="java.specification.vendor" value="Oracle Corporation"/>
    <property name="user.language" value="en"/>
    <property name="awt.toolkit" value="sun.awt.X11.XToolkit"/>
    <property name="java.vm.info" value="mixed mode"/>
    <property name="java.version" value="1.7.0_21"/>
    <property name="java.ext.dirs" value="/usr/lib64/jvm/java-1.7.0-openjdk-1.7.0/jre/lib/ext:/usr/java/packages/lib/ext"/>
    <property name="sun.boot.class.path" value="/usr/lib64/jvm/java-1.7.0-openjdk-1.7.0/jre/lib/resources.jar:/usr/lib64/jvm/java-1.7.0-openjdk-1.7.0/jre/lib/rt.jar:/usr/lib64/jvm/java-1.7.0-openjdk-1.7.0/jre/lib/sunrsasign.jar:/usr/lib64/jvm/java-1.7.0-openjdk-1.7.0/jre/lib/jsse.jar:/usr/lib64/jvm/java-1.7.0-openjdk-1.7.0/jre/lib/jce.jar:/usr/lib64/jvm/java-1.7.0-openjdk-1.7.0/jre/lib/charsets.jar:/usr/lib64/jvm/java-1.7.0-openjdk-1.7.0/jre/lib/netx.jar:/usr/lib64/jvm/java-1.7.0-openjdk-1.7.0/jre/lib/plugin.jar:/usr/lib64/jvm/java-1.7.0-openjdk-1.7.0/jre/lib/rhino.jar:/usr/lib64/jvm/java-1.7.0-openjdk-1.7.0/jre/lib/jfr.jar:/usr/lib64/jvm/java-1.7.0-openjdk-1.7.0/jre/classes"/>
    <property name="java.vendor" value="Oracle Corporation"/>
    <property name="localRepository" value="/home/yperez/.m2/repository"/>
    <property name="file.separator" value="/"/>
    <property name="java.vendor.url.bug" value="http://bugreport.sun.com/bugreport/"/>
    <property name="sun.cpu.endian" value="little"/>
    <property name="sun.io.unicode.encoding" value="UnicodeLittle"/>
    <property name="sun.desktop" value="gnome"/>
    <property name="sun.cpu.isalist" value=""/>
  </properties>
  <testcase time="0.078" classname="uk.ac.ebi.pride.tools.apl_parser.TestAplFile" name="testGetFormat"/>
  <testcase time="0.028" classname="uk.ac.ebi.pride.tools.apl_parser.TestAplFile" name="testSetPeakLists"/>
  <testcase time="0.125" classname="uk.ac.ebi.pride.tools.apl_parser.TestAplFile" name="testAplFile"/>
  <testcase time="0.005" classname="uk.ac.ebi.pride.tools.apl_parser.TestAplFile" name="testGetPeakListCount"/>
  <testcase time="0.005" classname="uk.ac.ebi.pride.tools.apl_parser.TestAplFile" name="testGetPeakList"/>
  <testcase time="0.017" classname="uk.ac.ebi.pride.tools.apl_parser.TestAplFile" name="testGetPeakListIterator"/>
  <testcase time="0.009" classname="uk.ac.ebi.pride.tools.apl_parser.TestAplFile" name="testGetIndex"/>
</testsuite>