<?xml version="1.0" encoding="UTF-8" ?>
<testsuite failures="0" time="0.404" errors="0" skipped="0" tests="68" name="uk.ac.ebi.pride.tools.mgf_parser.TestMgfFile">
  <properties>
    <property name="java.runtime.name" value="OpenJDK Runtime Environment"/>
    <property name="sun.boot.library.path" value="/usr/lib64/jvm/java-1.7.0-openjdk-1.7.0/jre/lib/amd64"/>
    <property name="java.vm.version" value="24.45-b08"/>
    <property name="java.vm.vendor" value="Oracle Corporation"/>
    <property name="java.vendor.url" value="http://java.oracle.com/"/>
    <property name="path.separator" value=":"/>
    <property name="java.vm.name" value="OpenJDK 64-Bit Server VM"/>
    <property name="file.encoding.pkg" value="sun.io"/>
    <property name="user.country" value="US"/>
    <property name="sun.java.launcher" value="SUN_STANDARD"/>
    <property name="sun.os.patch.level" value="unknown"/>
    <property name="java.vm.specification.name" value="Java Virtual Machine Specification"/>
    <property name="user.dir" value="/home/yperez/IdeaProjects/jmzreader/jmzreader-library/trunk/mgf-parser"/>
    <property name="java.runtime.version" value="1.7.0_51-b00"/>
    <property name="java.awt.graphicsenv" value="sun.awt.X11GraphicsEnvironment"/>
    <property name="basedir" value="/home/yperez/IdeaProjects/jmzreader/jmzreader-library/trunk/mgf-parser"/>
    <property name="java.endorsed.dirs" value="/usr/lib64/jvm/java-1.7.0-openjdk-1.7.0/jre/lib/endorsed"/>
    <property name="os.arch" value="amd64"/>
    <property name="surefire.real.class.path" value="/tmp/surefirebooter1659826000473838178.jar"/>
    <property name="java.io.tmpdir" value="/tmp"/>
    <property name="line.separator" value="
"/>
    <property name="java.vm.specification.vendor" value="Oracle Corporation"/>
    <property name="os.name" value="Linux"/>
    <property name="sun.jnu.encoding" value="UTF-8"/>
    <property name="java.library.path" value="/usr/local/ebi-app/idea-IU-117.798/bin:/usr/lib64/mpi/gcc/openmpi/lib64:/usr/java/packages/lib/amd64:/usr/lib64:/lib64:/lib:/usr/lib"/>
    <property name="surefire.test.class.path" value="/home/yperez/IdeaProjects/jmzreader/jmzreader-library/trunk/mgf-parser/target/test-classes:/home/yperez/IdeaProjects/jmzreader/jmzreader-library/trunk/mgf-parser/target/classes:/home/yperez/.m2/repository/junit/junit/3.8.1/junit-3.8.1.jar:/home/yperez/.m2/repository/uk/ac/ebi/pride/tools/jmzreader/1.2.0/jmzreader-1.2.0.jar:/home/yperez/.m2/repository/log4j/log4j/1.2.13/log4j-1.2.13.jar:/home/yperez/.m2/repository/uk/ac/ebi/pride/tools/braf/1.0.1/braf-1.0.1.jar:"/>
    <property name="java.specification.name" value="Java Platform API Specification"/>
    <property name="java.class.version" value="51.0"/>
    <property name="sun.management.compiler" value="HotSpot 64-Bit Tiered Compilers"/>
    <property name="os.version" value="3.4.63-2.44-desktop"/>
    <property name="user.home" value="/home/yperez"/>
    <property name="user.timezone" value=""/>
    <property name="java.awt.printerjob" value="sun.print.PSPrinterJob"/>
    <property name="file.encoding" value="UTF-8"/>
    <property name="java.specification.version" value="1.7"/>
    <property name="user.name" value="yperez"/>
    <property name="java.class.path" value="/home/yperez/IdeaProjects/jmzreader/jmzreader-library/trunk/mgf-parser/target/test-classes:/home/yperez/IdeaProjects/jmzreader/jmzreader-library/trunk/mgf-parser/target/classes:/home/yperez/.m2/repository/junit/junit/3.8.1/junit-3.8.1.jar:/home/yperez/.m2/repository/uk/ac/ebi/pride/tools/jmzreader/1.2.0/jmzreader-1.2.0.jar:/home/yperez/.m2/repository/log4j/log4j/1.2.13/log4j-1.2.13.jar:/home/yperez/.m2/repository/uk/ac/ebi/pride/tools/braf/1.0.1/braf-1.0.1.jar:"/>
    <property name="java.vm.specification.version" value="1.7"/>
    <property name="sun.arch.data.model" value="64"/>
    <property name="java.home" value="/usr/lib64/jvm/java-1.7.0-openjdk-1.7.0/jre"/>
    <property name="sun.java.command" value="/tmp/surefirebooter1659826000473838178.jar /tmp/surefire4854455631635468105tmp /tmp/surefire3245412389639796728tmp"/>
    <property name="java.specification.vendor" value="Oracle Corporation"/>
    <property name="user.language" value="en"/>
    <property name="awt.toolkit" value="sun.awt.X11.XToolkit"/>
    <property name="java.vm.info" value="mixed mode"/>
    <property name="java.version" value="1.7.0_51"/>
    <property name="java.ext.dirs" value="/usr/lib64/jvm/java-1.7.0-openjdk-1.7.0/jre/lib/ext:/usr/java/packages/lib/ext"/>
    <property name="sun.boot.class.path" value="/usr/lib64/jvm/java-1.7.0-openjdk-1.7.0/jre/lib/resources.jar:/usr/lib64/jvm/java-1.7.0-openjdk-1.7.0/jre/lib/rt.jar:/usr/lib64/jvm/java-1.7.0-openjdk-1.7.0/jre/lib/sunrsasign.jar:/usr/lib64/jvm/java-1.7.0-openjdk-1.7.0/jre/lib/jsse.jar:/usr/lib64/jvm/java-1.7.0-openjdk-1.7.0/jre/lib/jce.jar:/usr/lib64/jvm/java-1.7.0-openjdk-1.7.0/jre/lib/charsets.jar:/usr/lib64/jvm/java-1.7.0-openjdk-1.7.0/jre/lib/netx.jar:/usr/lib64/jvm/java-1.7.0-openjdk-1.7.0/jre/lib/plugin.jar:/usr/lib64/jvm/java-1.7.0-openjdk-1.7.0/jre/lib/rhino.jar:/usr/lib64/jvm/java-1.7.0-openjdk-1.7.0/jre/lib/jfr.jar:/usr/lib64/jvm/java-1.7.0-openjdk-1.7.0/jre/classes"/>
    <property name="java.vendor" value="Oracle Corporation"/>
    <property name="localRepository" value="/home/yperez/.m2/repository"/>
    <property name="file.separator" value="/"/>
    <property name="java.vendor.url.bug" value="http://bugreport.sun.com/bugreport/"/>
    <property name="sun.cpu.endian" value="little"/>
    <property name="sun.io.unicode.encoding" value="UnicodeLittle"/>
    <property name="sun.desktop" value="gnome"/>
    <property name="sun.cpu.isalist" value=""/>
  </properties>
  <testcase time="0.025" classname="uk.ac.ebi.pride.tools.mgf_parser.TestMgfFile" name="testGetCharge"/>
  <testcase time="0.023" classname="uk.ac.ebi.pride.tools.mgf_parser.TestMgfFile" name="testSetCharge"/>
  <testcase time="0.006" classname="uk.ac.ebi.pride.tools.mgf_parser.TestMgfFile" name="testGetEnzyme"/>
  <testcase time="0.008" classname="uk.ac.ebi.pride.tools.mgf_parser.TestMgfFile" name="testSetEnzyme"/>
  <testcase time="0.007" classname="uk.ac.ebi.pride.tools.mgf_parser.TestMgfFile" name="testGetAccessions"/>
  <testcase time="0.004" classname="uk.ac.ebi.pride.tools.mgf_parser.TestMgfFile" name="testSetAccessions"/>
  <testcase time="0.011" classname="uk.ac.ebi.pride.tools.mgf_parser.TestMgfFile" name="testGetIndex"/>
  <testcase time="0.006" classname="uk.ac.ebi.pride.tools.mgf_parser.TestMgfFile" name="testGetInstrument"/>
  <testcase time="0.011" classname="uk.ac.ebi.pride.tools.mgf_parser.TestMgfFile" name="testSetInstrument"/>
  <testcase time="0.007" classname="uk.ac.ebi.pride.tools.mgf_parser.TestMgfFile" name="testGetVariableModifications"/>
  <testcase time="0.006" classname="uk.ac.ebi.pride.tools.mgf_parser.TestMgfFile" name="testSetVariableModifications"/>
  <testcase time="0.005" classname="uk.ac.ebi.pride.tools.mgf_parser.TestMgfFile" name="testGetFragmentIonTolerance"/>
  <testcase time="0.008" classname="uk.ac.ebi.pride.tools.mgf_parser.TestMgfFile" name="testSetFragmentIonTolerance"/>
  <testcase time="0.006" classname="uk.ac.ebi.pride.tools.mgf_parser.TestMgfFile" name="testGetFragmentIonToleranceUnit"/>
  <testcase time="0.004" classname="uk.ac.ebi.pride.tools.mgf_parser.TestMgfFile" name="testSetFragmentIonToleranceUnit"/>
  <testcase time="0.005" classname="uk.ac.ebi.pride.tools.mgf_parser.TestMgfFile" name="testGetMassType"/>
  <testcase time="0.007" classname="uk.ac.ebi.pride.tools.mgf_parser.TestMgfFile" name="testSetMassType"/>
  <testcase time="0.005" classname="uk.ac.ebi.pride.tools.mgf_parser.TestMgfFile" name="testGetFixedMofications"/>
  <testcase time="0.005" classname="uk.ac.ebi.pride.tools.mgf_parser.TestMgfFile" name="testSetFixedMofications"/>
  <testcase time="0.003" classname="uk.ac.ebi.pride.tools.mgf_parser.TestMgfFile" name="testGetPeptideIsotopeError"/>
  <testcase time="0.004" classname="uk.ac.ebi.pride.tools.mgf_parser.TestMgfFile" name="testSetPeptideIsotopeError"/>
  <testcase time="0.003" classname="uk.ac.ebi.pride.tools.mgf_parser.TestMgfFile" name="testGetPartials"/>
  <testcase time="0.005" classname="uk.ac.ebi.pride.tools.mgf_parser.TestMgfFile" name="testSetPartials"/>
  <testcase time="0.005" classname="uk.ac.ebi.pride.tools.mgf_parser.TestMgfFile" name="testGetPrecursor"/>
  <testcase time="0.01" classname="uk.ac.ebi.pride.tools.mgf_parser.TestMgfFile" name="testSetPrecursor"/>
  <testcase time="0.003" classname="uk.ac.ebi.pride.tools.mgf_parser.TestMgfFile" name="testGetQuantitation"/>
  <testcase time="0.005" classname="uk.ac.ebi.pride.tools.mgf_parser.TestMgfFile" name="testSetQuantitation"/>
  <testcase time="0.003" classname="uk.ac.ebi.pride.tools.mgf_parser.TestMgfFile" name="testGetMaxHitsToReport"/>
  <testcase time="0.006" classname="uk.ac.ebi.pride.tools.mgf_parser.TestMgfFile" name="testSetMaxHitsToReport"/>
  <testcase time="0.003" classname="uk.ac.ebi.pride.tools.mgf_parser.TestMgfFile" name="testGetReportType"/>
  <testcase time="0.006" classname="uk.ac.ebi.pride.tools.mgf_parser.TestMgfFile" name="testSetReportType"/>
  <testcase time="0.002" classname="uk.ac.ebi.pride.tools.mgf_parser.TestMgfFile" name="testGetSearchType"/>
  <testcase time="0.007" classname="uk.ac.ebi.pride.tools.mgf_parser.TestMgfFile" name="testSetSearchType"/>
  <testcase time="0.003" classname="uk.ac.ebi.pride.tools.mgf_parser.TestMgfFile" name="testGetProteinMass"/>
  <testcase time="0.005" classname="uk.ac.ebi.pride.tools.mgf_parser.TestMgfFile" name="testSetProteinMass"/>
  <testcase time="0.002" classname="uk.ac.ebi.pride.tools.mgf_parser.TestMgfFile" name="testGetDatabase"/>
  <testcase time="0.003" classname="uk.ac.ebi.pride.tools.mgf_parser.TestMgfFile" name="testSetDatabase"/>
  <testcase time="0.002" classname="uk.ac.ebi.pride.tools.mgf_parser.TestMgfFile" name="testGetPerformDecoySearch"/>
  <testcase time="0.003" classname="uk.ac.ebi.pride.tools.mgf_parser.TestMgfFile" name="testSetPerformDecoySearch"/>
  <testcase time="0.001" classname="uk.ac.ebi.pride.tools.mgf_parser.TestMgfFile" name="testGetIsErrorTolerant"/>
  <testcase time="0.004" classname="uk.ac.ebi.pride.tools.mgf_parser.TestMgfFile" name="testSetIsErrorTolerant"/>
  <testcase time="0.002" classname="uk.ac.ebi.pride.tools.mgf_parser.TestMgfFile" name="testGetFormat"/>
  <testcase time="0.004" classname="uk.ac.ebi.pride.tools.mgf_parser.TestMgfFile" name="testSetFormat"/>
  <testcase time="0.002" classname="uk.ac.ebi.pride.tools.mgf_parser.TestMgfFile" name="testGetFrames"/>
  <testcase time="0.004" classname="uk.ac.ebi.pride.tools.mgf_parser.TestMgfFile" name="testSetFrames"/>
  <testcase time="0.002" classname="uk.ac.ebi.pride.tools.mgf_parser.TestMgfFile" name="testGetSearchTitle"/>
  <testcase time="0.004" classname="uk.ac.ebi.pride.tools.mgf_parser.TestMgfFile" name="testSetSearchTitle"/>
  <testcase time="0.002" classname="uk.ac.ebi.pride.tools.mgf_parser.TestMgfFile" name="testGetPrecursorRemoval"/>
  <testcase time="0.007" classname="uk.ac.ebi.pride.tools.mgf_parser.TestMgfFile" name="testSetPrecursorRemoval"/>
  <testcase time="0.002" classname="uk.ac.ebi.pride.tools.mgf_parser.TestMgfFile" name="testGetTaxonomy"/>
  <testcase time="0.003" classname="uk.ac.ebi.pride.tools.mgf_parser.TestMgfFile" name="testSetTaxonomy"/>
  <testcase time="0.002" classname="uk.ac.ebi.pride.tools.mgf_parser.TestMgfFile" name="testGetPeptideMassTolerance"/>
  <testcase time="0.003" classname="uk.ac.ebi.pride.tools.mgf_parser.TestMgfFile" name="testSetPeptideMassTolerance"/>
  <testcase time="0.001" classname="uk.ac.ebi.pride.tools.mgf_parser.TestMgfFile" name="testGetPeptideMassToleranceUnit"/>
  <testcase time="0.004" classname="uk.ac.ebi.pride.tools.mgf_parser.TestMgfFile" name="testSetPeptideMassToleranceUnit"/>
  <testcase time="0.002" classname="uk.ac.ebi.pride.tools.mgf_parser.TestMgfFile" name="testGetUserParameter"/>
  <testcase time="0.004" classname="uk.ac.ebi.pride.tools.mgf_parser.TestMgfFile" name="testSetUserParameter"/>
  <testcase time="0.002" classname="uk.ac.ebi.pride.tools.mgf_parser.TestMgfFile" name="testGetUserMail"/>
  <testcase time="0.003" classname="uk.ac.ebi.pride.tools.mgf_parser.TestMgfFile" name="testSetUserMail"/>
  <testcase time="0.002" classname="uk.ac.ebi.pride.tools.mgf_parser.TestMgfFile" name="testGetUserName"/>
  <testcase time="0.004" classname="uk.ac.ebi.pride.tools.mgf_parser.TestMgfFile" name="testSetUserName"/>
  <testcase time="0.002" classname="uk.ac.ebi.pride.tools.mgf_parser.TestMgfFile" name="testGetPmfQueries"/>
  <testcase time="0.003" classname="uk.ac.ebi.pride.tools.mgf_parser.TestMgfFile" name="testSetPmfQueries"/>
  <testcase time="0.024" classname="uk.ac.ebi.pride.tools.mgf_parser.TestMgfFile" name="testSetMs2Queries"/>
  <testcase time="0.002" classname="uk.ac.ebi.pride.tools.mgf_parser.TestMgfFile" name="testGetMs2QueryCount"/>
  <testcase time="0.002" classname="uk.ac.ebi.pride.tools.mgf_parser.TestMgfFile" name="testGetMs2Query"/>
  <testcase time="0.009" classname="uk.ac.ebi.pride.tools.mgf_parser.TestMgfFile" name="testGetMs2QueryIterator"/>
  <testcase time="0.037" classname="uk.ac.ebi.pride.tools.mgf_parser.TestMgfFile" name="testMgfFile"/>
</testsuite>